  .   ____          _            __ _ _
 /\\ / ___'_ __ _ _(_)_ __  __ _ \ \ \ \
( ( )\___ | '_ | '_| | '_ \/ _` | \ \ \ \
 \\/  ___)| |_)| | | | | || (_| |  ) ) ) )
  '  |____| .__|_| |_|_| |_\__, | / / / /
 =========|_|==============|___/=/_/_/_/

 :: Spring Boot ::                (v3.3.0)

2024-11-01T20:31:12.610+01:00  INFO 6445 --- [RDATelegramBot] [           main] com.telegrambot.RDATelegramBot           : Starting RDATelegramBot v0.0.1-SNAPSHOT using Java 17.0.12 with PID 6445 (/home/ubuntu/RDATelegramBot/target/RDATelegramBot-0.0.1-SNAPSHOT.jar started by ubuntu in /home/ubuntu/RDATelegramBot)
2024-11-01T20:31:12.622+01:00  INFO 6445 --- [RDATelegramBot] [           main] com.telegrambot.RDATelegramBot           : No active profile set, falling back to 1 default profile: "default"
2024-11-01T20:31:15.453+01:00  INFO 6445 --- [RDATelegramBot] [           main] o.s.b.w.embedded.tomcat.TomcatWebServer  : Tomcat initialized with port 8081 (http)
2024-11-01T20:31:15.476+01:00  INFO 6445 --- [RDATelegramBot] [           main] o.apache.catalina.core.StandardService   : Starting service [Tomcat]
2024-11-01T20:31:15.476+01:00  INFO 6445 --- [RDATelegramBot] [           main] o.apache.catalina.core.StandardEngine    : Starting Servlet engine: [Apache Tomcat/10.1.24]
2024-11-01T20:31:15.544+01:00  INFO 6445 --- [RDATelegramBot] [           main] o.a.c.c.C.[Tomcat].[localhost].[/]       : Initializing Spring embedded WebApplicationContext
2024-11-01T20:31:15.547+01:00  INFO 6445 --- [RDATelegramBot] [           main] w.s.c.ServletWebServerApplicationContext : Root WebApplicationContext: initialization completed in 2700 ms
2024-11-01T20:31:17.463+01:00  INFO 6445 --- [RDATelegramBot] [           main] o.t.telegrambots.longpolling.BotSession  : Result when calling deleteWebhook: true
2024-11-01T20:31:17.608+01:00  INFO 6445 --- [RDATelegramBot] [           main] o.s.b.w.embedded.tomcat.TomcatWebServer  : Tomcat started on port 8081 (http) with context path '/'
2024-11-01T20:31:17.686+01:00  INFO 6445 --- [RDATelegramBot] [           main] com.telegrambot.RDATelegramBot           : Started RDATelegramBot in 6.061 seconds (process running for 7.246)
java.io.FileNotFoundException: bot-veru-3b4d2e802582.json (No such file or directory)
	at java.base/java.io.FileInputStream.open0(Native Method)
	at java.base/java.io.FileInputStream.open(FileInputStream.java:216)
	at java.base/java.io.FileInputStream.<init>(FileInputStream.java:157)
	at java.base/java.io.FileInputStream.<init>(FileInputStream.java:111)
	at com.telegrambot.bot.GoogleSheetsService.getSheetsService(GoogleSheetsService.java:48)
	at com.telegrambot.bot.GoogleSheetsService.addRowToSheet(GoogleSheetsService.java:63)
	at com.telegrambot.bot.MessageHandler.completeRegistration(MessageHandler.java:306)
	at com.telegrambot.bot.MessageHandler.processUserInput(MessageHandler.java:183)
	at com.telegrambot.bot.MessageHandler.handleUpdate(MessageHandler.java:41)
	at com.telegrambot.bot.TelegramBot.consume(TelegramBot.java:51)
	at org.telegram.telegrambots.longpolling.util.LongPollingSingleThreadUpdateConsumer.lambda$consume$0(LongPollingSingleThreadUpdateConsumer.java:15)
	at java.base/java.util.concurrent.ThreadPoolExecutor.runWorker(ThreadPoolExecutor.java:1136)
	at java.base/java.util.concurrent.ThreadPoolExecutor$Worker.run(ThreadPoolExecutor.java:635)
	at java.base/java.lang.Thread.run(Thread.java:840)
java.io.FileNotFoundException: bot-veru-3b4d2e802582.json (No such file or directory)
	at java.base/java.io.FileInputStream.open0(Native Method)
	at java.base/java.io.FileInputStream.open(FileInputStream.java:216)
	at java.base/java.io.FileInputStream.<init>(FileInputStream.java:157)
	at java.base/java.io.FileInputStream.<init>(FileInputStream.java:111)
	at com.telegrambot.bot.GoogleSheetsService.getSheetsService(GoogleSheetsService.java:48)
	at com.telegrambot.bot.GoogleSheetsService.addRowToSheet(GoogleSheetsService.java:63)
	at com.telegrambot.bot.MessageHandler.completeRegistration(MessageHandler.java:306)
	at com.telegrambot.bot.MessageHandler.processUserInput(MessageHandler.java:183)
	at com.telegrambot.bot.MessageHandler.handleUpdate(MessageHandler.java:41)
	at com.telegrambot.bot.TelegramBot.consume(TelegramBot.java:51)
	at org.telegram.telegrambots.longpolling.util.LongPollingSingleThreadUpdateConsumer.lambda$consume$0(LongPollingSingleThreadUpdateConsumer.java:15)
	at java.base/java.util.concurrent.ThreadPoolExecutor.runWorker(ThreadPoolExecutor.java:1136)
	at java.base/java.util.concurrent.ThreadPoolExecutor$Worker.run(ThreadPoolExecutor.java:635)
	at java.base/java.lang.Thread.run(Thread.java:840)
  .   ____          _            __ _ _
 /\\ / ___'_ __ _ _(_)_ __  __ _ \ \ \ \
( ( )\___ | '_ | '_| | '_ \/ _` | \ \ \ \
 \\/  ___)| |_)| | | | | || (_| |  ) ) ) )
  '  |____| .__|_| |_|_| |_\__, | / / / /
 =========|_|==============|___/=/_/_/_/

 :: Spring Boot ::                (v3.3.0)

2024-11-01T21:18:37.560+01:00  INFO 9893 --- [RDATelegramBot] [           main] com.telegrambot.RDATelegramBot           : Starting RDATelegramBot v0.0.1-SNAPSHOT using Java 17.0.12 with PID 9893 (/home/ubuntu/RDATelegramBot/target/RDATelegramBot-0.0.1-SNAPSHOT.jar started by ubuntu in /home/ubuntu/RDATelegramBot)
2024-11-01T21:18:37.572+01:00  INFO 9893 --- [RDATelegramBot] [           main] com.telegrambot.RDATelegramBot           : No active profile set, falling back to 1 default profile: "default"
2024-11-01T21:18:40.312+01:00  INFO 9893 --- [RDATelegramBot] [           main] o.s.b.w.embedded.tomcat.TomcatWebServer  : Tomcat initialized with port 8081 (http)
2024-11-01T21:18:40.341+01:00  INFO 9893 --- [RDATelegramBot] [           main] o.apache.catalina.core.StandardService   : Starting service [Tomcat]
2024-11-01T21:18:40.341+01:00  INFO 9893 --- [RDATelegramBot] [           main] o.apache.catalina.core.StandardEngine    : Starting Servlet engine: [Apache Tomcat/10.1.24]
2024-11-01T21:18:40.427+01:00  INFO 9893 --- [RDATelegramBot] [           main] o.a.c.c.C.[Tomcat].[localhost].[/]       : Initializing Spring embedded WebApplicationContext
2024-11-01T21:18:40.430+01:00  INFO 9893 --- [RDATelegramBot] [           main] w.s.c.ServletWebServerApplicationContext : Root WebApplicationContext: initialization completed in 2696 ms
2024-11-01T21:18:42.466+01:00  INFO 9893 --- [RDATelegramBot] [           main] o.t.telegrambots.longpolling.BotSession  : Result when calling deleteWebhook: true
2024-11-01T21:18:42.519+01:00  INFO 9893 --- [RDATelegramBot] [           main] o.s.b.w.embedded.tomcat.TomcatWebServer  : Tomcat started on port 8081 (http) with context path '/'
2024-11-01T21:18:42.571+01:00  INFO 9893 --- [RDATelegramBot] [           main] com.telegrambot.RDATelegramBot           : Started RDATelegramBot in 6.039 seconds (process running for 7.189)
  .   ____          _            __ _ _
 /\\ / ___'_ __ _ _(_)_ __  __ _ \ \ \ \
( ( )\___ | '_ | '_| | '_ \/ _` | \ \ \ \
 \\/  ___)| |_)| | | | | || (_| |  ) ) ) )
  '  |____| .__|_| |_|_| |_\__, | / / / /
 =========|_|==============|___/=/_/_/_/

 :: Spring Boot ::                (v3.3.0)

2024-11-01T21:20:29.908+01:00  INFO 9945 --- [RDATelegramBot] [           main] com.telegrambot.RDATelegramBot           : Starting RDATelegramBot v0.0.1-SNAPSHOT using Java 17.0.12 with PID 9945 (/home/ubuntu/RDATelegramBot/target/RDATelegramBot-0.0.1-SNAPSHOT.jar started by ubuntu in /home/ubuntu/RDATelegramBot)
2024-11-01T21:20:29.921+01:00  INFO 9945 --- [RDATelegramBot] [           main] com.telegrambot.RDATelegramBot           : No active profile set, falling back to 1 default profile: "default"
2024-11-01T21:20:32.569+01:00  INFO 9945 --- [RDATelegramBot] [           main] o.s.b.w.embedded.tomcat.TomcatWebServer  : Tomcat initialized with port 8081 (http)
2024-11-01T21:20:32.594+01:00  INFO 9945 --- [RDATelegramBot] [           main] o.apache.catalina.core.StandardService   : Starting service [Tomcat]
2024-11-01T21:20:32.594+01:00  INFO 9945 --- [RDATelegramBot] [           main] o.apache.catalina.core.StandardEngine    : Starting Servlet engine: [Apache Tomcat/10.1.24]
2024-11-01T21:20:32.663+01:00  INFO 9945 --- [RDATelegramBot] [           main] o.a.c.c.C.[Tomcat].[localhost].[/]       : Initializing Spring embedded WebApplicationContext
2024-11-01T21:20:32.665+01:00  INFO 9945 --- [RDATelegramBot] [           main] w.s.c.ServletWebServerApplicationContext : Root WebApplicationContext: initialization completed in 2535 ms
2024-11-01T21:20:34.327+01:00  INFO 9945 --- [RDATelegramBot] [           main] o.t.telegrambots.longpolling.BotSession  : Result when calling deleteWebhook: true
2024-11-01T21:20:34.369+01:00  INFO 9945 --- [RDATelegramBot] [           main] o.s.b.w.embedded.tomcat.TomcatWebServer  : Tomcat started on port 8081 (http) with context path '/'
2024-11-01T21:20:34.396+01:00  INFO 9945 --- [RDATelegramBot] [           main] com.telegrambot.RDATelegramBot           : Started RDATelegramBot in 5.436 seconds (process running for 6.514)
  .   ____          _            __ _ _
 /\\ / ___'_ __ _ _(_)_ __  __ _ \ \ \ \
( ( )\___ | '_ | '_| | '_ \/ _` | \ \ \ \
 \\/  ___)| |_)| | | | | || (_| |  ) ) ) )
  '  |____| .__|_| |_|_| |_\__, | / / / /
 =========|_|==============|___/=/_/_/_/

 :: Spring Boot ::                (v3.3.0)

2024-11-04T20:08:53.744+01:00  INFO 43533 --- [RDATelegramBot] [           main] com.telegrambot.RDATelegramBot           : Starting RDATelegramBot v0.0.1-SNAPSHOT using Java 17.0.12 with PID 43533 (/home/ubuntu/RDATelegramBot/target/RDATelegramBot-0.0.1-SNAPSHOT.jar started by ubuntu in /home/ubuntu/RDATelegramBot)
2024-11-04T20:08:53.761+01:00  INFO 43533 --- [RDATelegramBot] [           main] com.telegrambot.RDATelegramBot           : No active profile set, falling back to 1 default profile: "default"
2024-11-04T20:08:56.542+01:00  INFO 43533 --- [RDATelegramBot] [           main] o.s.b.w.embedded.tomcat.TomcatWebServer  : Tomcat initialized with port 8081 (http)
2024-11-04T20:08:56.561+01:00  INFO 43533 --- [RDATelegramBot] [           main] o.apache.catalina.core.StandardService   : Starting service [Tomcat]
2024-11-04T20:08:56.561+01:00  INFO 43533 --- [RDATelegramBot] [           main] o.apache.catalina.core.StandardEngine    : Starting Servlet engine: [Apache Tomcat/10.1.24]
2024-11-04T20:08:56.634+01:00  INFO 43533 --- [RDATelegramBot] [           main] o.a.c.c.C.[Tomcat].[localhost].[/]       : Initializing Spring embedded WebApplicationContext
2024-11-04T20:08:56.638+01:00  INFO 43533 --- [RDATelegramBot] [           main] w.s.c.ServletWebServerApplicationContext : Root WebApplicationContext: initialization completed in 2699 ms
2024-11-04T20:08:58.525+01:00  INFO 43533 --- [RDATelegramBot] [           main] o.t.telegrambots.longpolling.BotSession  : Result when calling deleteWebhook: true
2024-11-04T20:08:58.571+01:00  INFO 43533 --- [RDATelegramBot] [           main] o.s.b.w.embedded.tomcat.TomcatWebServer  : Tomcat started on port 8081 (http) with context path '/'
2024-11-04T20:08:58.633+01:00  INFO 43533 --- [RDATelegramBot] [           main] com.telegrambot.RDATelegramBot           : Started RDATelegramBot in 6.028 seconds (process running for 7.31)
java.io.FileNotFoundException: bot-veru-83f9fd14b96e.json (No such file or directory)
	at java.base/java.io.FileInputStream.open0(Native Method)
	at java.base/java.io.FileInputStream.open(FileInputStream.java:216)
	at java.base/java.io.FileInputStream.<init>(FileInputStream.java:157)
	at java.base/java.io.FileInputStream.<init>(FileInputStream.java:111)
	at com.telegrambot.bot.GoogleSheetsService.getSheetsService(GoogleSheetsService.java:51)
	at com.telegrambot.bot.GoogleSheetsService.addRowToSheet(GoogleSheetsService.java:66)
	at com.telegrambot.bot.MessageHandler.completeRegistration(MessageHandler.java:310)
	at com.telegrambot.bot.MessageHandler.processUserInput(MessageHandler.java:186)
	at com.telegrambot.bot.MessageHandler.handleUpdate(MessageHandler.java:41)
	at com.telegrambot.bot.TelegramBot.consume(TelegramBot.java:51)
	at org.telegram.telegrambots.longpolling.util.LongPollingSingleThreadUpdateConsumer.lambda$consume$0(LongPollingSingleThreadUpdateConsumer.java:15)
	at java.base/java.util.concurrent.ThreadPoolExecutor.runWorker(ThreadPoolExecutor.java:1136)
	at java.base/java.util.concurrent.ThreadPoolExecutor$Worker.run(ThreadPoolExecutor.java:635)
	at java.base/java.lang.Thread.run(Thread.java:840)
  .   ____          _            __ _ _
 /\\ / ___'_ __ _ _(_)_ __  __ _ \ \ \ \
( ( )\___ | '_ | '_| | '_ \/ _` | \ \ \ \
 \\/  ___)| |_)| | | | | || (_| |  ) ) ) )
  '  |____| .__|_| |_|_| |_\__, | / / / /
 =========|_|==============|___/=/_/_/_/

 :: Spring Boot ::                (v3.3.0)

2024-11-04T20:11:25.125+01:00  INFO 43603 --- [RDATelegramBot] [           main] com.telegrambot.RDATelegramBot           : Starting RDATelegramBot v0.0.1-SNAPSHOT using Java 17.0.12 with PID 43603 (/home/ubuntu/RDATelegramBot/target/RDATelegramBot-0.0.1-SNAPSHOT.jar started by ubuntu in /home/ubuntu/RDATelegramBot)
2024-11-04T20:11:25.140+01:00  INFO 43603 --- [RDATelegramBot] [           main] com.telegrambot.RDATelegramBot           : No active profile set, falling back to 1 default profile: "default"
2024-11-04T20:11:27.951+01:00  INFO 43603 --- [RDATelegramBot] [           main] o.s.b.w.embedded.tomcat.TomcatWebServer  : Tomcat initialized with port 8081 (http)
2024-11-04T20:11:27.969+01:00  INFO 43603 --- [RDATelegramBot] [           main] o.apache.catalina.core.StandardService   : Starting service [Tomcat]
2024-11-04T20:11:27.969+01:00  INFO 43603 --- [RDATelegramBot] [           main] o.apache.catalina.core.StandardEngine    : Starting Servlet engine: [Apache Tomcat/10.1.24]
2024-11-04T20:11:28.037+01:00  INFO 43603 --- [RDATelegramBot] [           main] o.a.c.c.C.[Tomcat].[localhost].[/]       : Initializing Spring embedded WebApplicationContext
2024-11-04T20:11:28.039+01:00  INFO 43603 --- [RDATelegramBot] [           main] w.s.c.ServletWebServerApplicationContext : Root WebApplicationContext: initialization completed in 2667 ms
2024-11-04T20:11:29.908+01:00  INFO 43603 --- [RDATelegramBot] [           main] o.t.telegrambots.longpolling.BotSession  : Result when calling deleteWebhook: true
2024-11-04T20:11:29.977+01:00  INFO 43603 --- [RDATelegramBot] [           main] o.s.b.w.embedded.tomcat.TomcatWebServer  : Tomcat started on port 8081 (http) with context path '/'
2024-11-04T20:11:30.063+01:00  INFO 43603 --- [RDATelegramBot] [           main] com.telegrambot.RDATelegramBot           : Started RDATelegramBot in 5.87 seconds (process running for 6.973)
java.io.FileNotFoundException: bot-veru-83f9fd14b96e.json (No such file or directory)
	at java.base/java.io.FileInputStream.open0(Native Method)
	at java.base/java.io.FileInputStream.open(FileInputStream.java:216)
	at java.base/java.io.FileInputStream.<init>(FileInputStream.java:157)
	at java.base/java.io.FileInputStream.<init>(FileInputStream.java:111)
	at com.telegrambot.bot.GoogleSheetsService.getSheetsService(GoogleSheetsService.java:51)
	at com.telegrambot.bot.GoogleSheetsService.addRowToSheet(GoogleSheetsService.java:66)
	at com.telegrambot.bot.MessageHandler.completeRegistration(MessageHandler.java:310)
	at com.telegrambot.bot.MessageHandler.processUserInput(MessageHandler.java:186)
	at com.telegrambot.bot.MessageHandler.handleUpdate(MessageHandler.java:41)
	at com.telegrambot.bot.TelegramBot.consume(TelegramBot.java:51)
	at org.telegram.telegrambots.longpolling.util.LongPollingSingleThreadUpdateConsumer.lambda$consume$0(LongPollingSingleThreadUpdateConsumer.java:15)
	at java.base/java.util.concurrent.ThreadPoolExecutor.runWorker(ThreadPoolExecutor.java:1136)
	at java.base/java.util.concurrent.ThreadPoolExecutor$Worker.run(ThreadPoolExecutor.java:635)
	at java.base/java.lang.Thread.run(Thread.java:840)
  .   ____          _            __ _ _
 /\\ / ___'_ __ _ _(_)_ __  __ _ \ \ \ \
( ( )\___ | '_ | '_| | '_ \/ _` | \ \ \ \
 \\/  ___)| |_)| | | | | || (_| |  ) ) ) )
  '  |____| .__|_| |_|_| |_\__, | / / / /
 =========|_|==============|___/=/_/_/_/

 :: Spring Boot ::                (v3.3.0)

2024-11-04T20:16:59.180+01:00  INFO 43697 --- [RDATelegramBot] [           main] com.telegrambot.RDATelegramBot           : Starting RDATelegramBot v0.0.1-SNAPSHOT using Java 17.0.12 with PID 43697 (/home/ubuntu/RDATelegramBot/target/RDATelegramBot-0.0.1-SNAPSHOT.jar started by ubuntu in /home/ubuntu/RDATelegramBot)
2024-11-04T20:16:59.193+01:00  INFO 43697 --- [RDATelegramBot] [           main] com.telegrambot.RDATelegramBot           : No active profile set, falling back to 1 default profile: "default"
2024-11-04T20:17:01.774+01:00  INFO 43697 --- [RDATelegramBot] [           main] o.s.b.w.embedded.tomcat.TomcatWebServer  : Tomcat initialized with port 8081 (http)
2024-11-04T20:17:01.800+01:00  INFO 43697 --- [RDATelegramBot] [           main] o.apache.catalina.core.StandardService   : Starting service [Tomcat]
2024-11-04T20:17:01.800+01:00  INFO 43697 --- [RDATelegramBot] [           main] o.apache.catalina.core.StandardEngine    : Starting Servlet engine: [Apache Tomcat/10.1.24]
2024-11-04T20:17:01.867+01:00  INFO 43697 --- [RDATelegramBot] [           main] o.a.c.c.C.[Tomcat].[localhost].[/]       : Initializing Spring embedded WebApplicationContext
2024-11-04T20:17:01.870+01:00  INFO 43697 --- [RDATelegramBot] [           main] w.s.c.ServletWebServerApplicationContext : Root WebApplicationContext: initialization completed in 2459 ms
2024-11-04T20:17:03.585+01:00  INFO 43697 --- [RDATelegramBot] [           main] o.t.telegrambots.longpolling.BotSession  : Result when calling deleteWebhook: true
2024-11-04T20:17:03.635+01:00  INFO 43697 --- [RDATelegramBot] [           main] o.s.b.w.embedded.tomcat.TomcatWebServer  : Tomcat started on port 8081 (http) with context path '/'
2024-11-04T20:17:03.688+01:00  INFO 43697 --- [RDATelegramBot] [           main] com.telegrambot.RDATelegramBot           : Started RDATelegramBot in 5.457 seconds (process running for 6.436)
java.io.FileNotFoundException: bot-veru-83f9fd14b96e.json (No such file or directory)
	at java.base/java.io.FileInputStream.open0(Native Method)
	at java.base/java.io.FileInputStream.open(FileInputStream.java:216)
	at java.base/java.io.FileInputStream.<init>(FileInputStream.java:157)
	at java.base/java.io.FileInputStream.<init>(FileInputStream.java:111)
	at com.telegrambot.bot.GoogleSheetsService.getSheetsService(GoogleSheetsService.java:51)
	at com.telegrambot.bot.GoogleSheetsService.addRowToSheet(GoogleSheetsService.java:66)
	at com.telegrambot.bot.MessageHandler.completeRegistration(MessageHandler.java:310)
	at com.telegrambot.bot.MessageHandler.processUserInput(MessageHandler.java:186)
	at com.telegrambot.bot.MessageHandler.handleUpdate(MessageHandler.java:41)
	at com.telegrambot.bot.TelegramBot.consume(TelegramBot.java:51)
	at org.telegram.telegrambots.longpolling.util.LongPollingSingleThreadUpdateConsumer.lambda$consume$0(LongPollingSingleThreadUpdateConsumer.java:15)
	at java.base/java.util.concurrent.ThreadPoolExecutor.runWorker(ThreadPoolExecutor.java:1136)
	at java.base/java.util.concurrent.ThreadPoolExecutor$Worker.run(ThreadPoolExecutor.java:635)
	at java.base/java.lang.Thread.run(Thread.java:840)
  .   ____          _            __ _ _
 /\\ / ___'_ __ _ _(_)_ __  __ _ \ \ \ \
( ( )\___ | '_ | '_| | '_ \/ _` | \ \ \ \
 \\/  ___)| |_)| | | | | || (_| |  ) ) ) )
  '  |____| .__|_| |_|_| |_\__, | / / / /
 =========|_|==============|___/=/_/_/_/

 :: Spring Boot ::                (v3.3.0)

2024-11-04T20:20:21.728+01:00  INFO 44050 --- [RDATelegramBot] [           main] com.telegrambot.RDATelegramBot           : Starting RDATelegramBot v0.0.1-SNAPSHOT using Java 17.0.12 with PID 44050 (/home/ubuntu/RDATelegramBot/target/RDATelegramBot-0.0.1-SNAPSHOT.jar started by ubuntu in /home/ubuntu/RDATelegramBot)
2024-11-04T20:20:21.741+01:00  INFO 44050 --- [RDATelegramBot] [           main] com.telegrambot.RDATelegramBot           : No active profile set, falling back to 1 default profile: "default"
2024-11-04T20:20:24.682+01:00  INFO 44050 --- [RDATelegramBot] [           main] o.s.b.w.embedded.tomcat.TomcatWebServer  : Tomcat initialized with port 8081 (http)
2024-11-04T20:20:24.705+01:00  INFO 44050 --- [RDATelegramBot] [           main] o.apache.catalina.core.StandardService   : Starting service [Tomcat]
2024-11-04T20:20:24.706+01:00  INFO 44050 --- [RDATelegramBot] [           main] o.apache.catalina.core.StandardEngine    : Starting Servlet engine: [Apache Tomcat/10.1.24]
2024-11-04T20:20:24.781+01:00  INFO 44050 --- [RDATelegramBot] [           main] o.a.c.c.C.[Tomcat].[localhost].[/]       : Initializing Spring embedded WebApplicationContext
2024-11-04T20:20:24.783+01:00  INFO 44050 --- [RDATelegramBot] [           main] w.s.c.ServletWebServerApplicationContext : Root WebApplicationContext: initialization completed in 2824 ms
2024-11-04T20:20:26.801+01:00  INFO 44050 --- [RDATelegramBot] [           main] o.t.telegrambots.longpolling.BotSession  : Result when calling deleteWebhook: true
2024-11-04T20:20:26.855+01:00  INFO 44050 --- [RDATelegramBot] [           main] o.s.b.w.embedded.tomcat.TomcatWebServer  : Tomcat started on port 8081 (http) with context path '/'
2024-11-04T20:20:26.893+01:00  INFO 44050 --- [RDATelegramBot] [           main] com.telegrambot.RDATelegramBot           : Started RDATelegramBot in 6.27 seconds (process running for 7.609)
java.io.FileNotFoundException: RDATelegramBot/bot-veru-83f9fd14b96e.json (No such file or directory)
	at java.base/java.io.FileInputStream.open0(Native Method)
	at java.base/java.io.FileInputStream.open(FileInputStream.java:216)
	at java.base/java.io.FileInputStream.<init>(FileInputStream.java:157)
	at java.base/java.io.FileInputStream.<init>(FileInputStream.java:111)
	at com.telegrambot.bot.GoogleSheetsService.getSheetsService(GoogleSheetsService.java:51)
	at com.telegrambot.bot.GoogleSheetsService.addRowToSheet(GoogleSheetsService.java:66)
	at com.telegrambot.bot.MessageHandler.completeRegistration(MessageHandler.java:310)
	at com.telegrambot.bot.MessageHandler.processUserInput(MessageHandler.java:186)
	at com.telegrambot.bot.MessageHandler.handleUpdate(MessageHandler.java:41)
	at com.telegrambot.bot.TelegramBot.consume(TelegramBot.java:51)
	at org.telegram.telegrambots.longpolling.util.LongPollingSingleThreadUpdateConsumer.lambda$consume$0(LongPollingSingleThreadUpdateConsumer.java:15)
	at java.base/java.util.concurrent.ThreadPoolExecutor.runWorker(ThreadPoolExecutor.java:1136)
	at java.base/java.util.concurrent.ThreadPoolExecutor$Worker.run(ThreadPoolExecutor.java:635)
	at java.base/java.lang.Thread.run(Thread.java:840)
  .   ____          _            __ _ _
 /\\ / ___'_ __ _ _(_)_ __  __ _ \ \ \ \
( ( )\___ | '_ | '_| | '_ \/ _` | \ \ \ \
 \\/  ___)| |_)| | | | | || (_| |  ) ) ) )
  '  |____| .__|_| |_|_| |_\__, | / / / /
 =========|_|==============|___/=/_/_/_/

 :: Spring Boot ::                (v3.3.0)

2024-11-04T20:23:24.472+01:00  INFO 44246 --- [RDATelegramBot] [           main] com.telegrambot.RDATelegramBot           : Starting RDATelegramBot v0.0.1-SNAPSHOT using Java 17.0.12 with PID 44246 (/home/ubuntu/RDATelegramBot/target/RDATelegramBot-0.0.1-SNAPSHOT.jar started by ubuntu in /home/ubuntu/RDATelegramBot)
2024-11-04T20:23:24.483+01:00  INFO 44246 --- [RDATelegramBot] [           main] com.telegrambot.RDATelegramBot           : No active profile set, falling back to 1 default profile: "default"
2024-11-04T20:23:27.087+01:00  INFO 44246 --- [RDATelegramBot] [           main] o.s.b.w.embedded.tomcat.TomcatWebServer  : Tomcat initialized with port 8081 (http)
2024-11-04T20:23:27.116+01:00  INFO 44246 --- [RDATelegramBot] [           main] o.apache.catalina.core.StandardService   : Starting service [Tomcat]
2024-11-04T20:23:27.116+01:00  INFO 44246 --- [RDATelegramBot] [           main] o.apache.catalina.core.StandardEngine    : Starting Servlet engine: [Apache Tomcat/10.1.24]
2024-11-04T20:23:27.190+01:00  INFO 44246 --- [RDATelegramBot] [           main] o.a.c.c.C.[Tomcat].[localhost].[/]       : Initializing Spring embedded WebApplicationContext
2024-11-04T20:23:27.193+01:00  INFO 44246 --- [RDATelegramBot] [           main] w.s.c.ServletWebServerApplicationContext : Root WebApplicationContext: initialization completed in 2534 ms
2024-11-04T20:23:28.984+01:00  INFO 44246 --- [RDATelegramBot] [           main] o.t.telegrambots.longpolling.BotSession  : Result when calling deleteWebhook: true
2024-11-04T20:23:29.036+01:00  INFO 44246 --- [RDATelegramBot] [           main] o.s.b.w.embedded.tomcat.TomcatWebServer  : Tomcat started on port 8081 (http) with context path '/'
2024-11-04T20:23:29.096+01:00  INFO 44246 --- [RDATelegramBot] [           main] com.telegrambot.RDATelegramBot           : Started RDATelegramBot in 5.681 seconds (process running for 6.931)
Data added to Google Sheets: [[2024-11-04 20:23:48, Львівська РДА, dasdasdas, 1231313123, asdasdas, asdasdas, 5, Щодня, dasdasd]]
